2020-04-02 21:37:24,091 INFO o.a.j.u.JMeterUtils: Setting Locale to en_EN
2020-04-02 21:37:24,125 INFO o.a.j.JMeter: Loading user properties from: /usr/bin/jmeter/apache-jmeter-5.2.1/bin/user.properties
2020-04-02 21:37:24,125 INFO o.a.j.JMeter: Loading system properties from: /usr/bin/jmeter/apache-jmeter-5.2.1/bin/system.properties
2020-04-02 21:37:24,126 INFO o.a.j.JMeter: Copyright (c) 1998-2019 The Apache Software Foundation
2020-04-02 21:37:24,126 INFO o.a.j.JMeter: Version 5.2.1
2020-04-02 21:37:24,126 INFO o.a.j.JMeter: java.version=11.0.6
2020-04-02 21:37:24,126 INFO o.a.j.JMeter: java.vm.name=OpenJDK 64-Bit Server VM
2020-04-02 21:37:24,126 INFO o.a.j.JMeter: os.name=Linux
2020-04-02 21:37:24,126 INFO o.a.j.JMeter: os.arch=amd64
2020-04-02 21:37:24,126 INFO o.a.j.JMeter: os.version=5.3.0-45-generic
2020-04-02 21:37:24,126 INFO o.a.j.JMeter: file.encoding=UTF-8
2020-04-02 21:37:24,126 INFO o.a.j.JMeter: java.awt.headless=null
2020-04-02 21:37:24,126 INFO o.a.j.JMeter: Max memory     =1073741824
2020-04-02 21:37:24,127 INFO o.a.j.JMeter: Available Processors =8
2020-04-02 21:37:24,132 INFO o.a.j.JMeter: Default Locale=English (EN)
2020-04-02 21:37:24,133 INFO o.a.j.JMeter: JMeter  Locale=English (EN)
2020-04-02 21:37:24,133 INFO o.a.j.JMeter: JMeterHome=/usr/bin/jmeter/apache-jmeter-5.2.1
2020-04-02 21:37:24,133 INFO o.a.j.JMeter: user.dir  =/home/xav/gitlab.com/pipeline-devops-1/vagrant
2020-04-02 21:37:24,133 INFO o.a.j.JMeter: PWD       =/home/xav/gitlab.com/pipeline-devops-1/vagrant
2020-04-02 21:37:24,133 INFO o.a.j.JMeter: IP: 127.0.1.1 Name: ki FullName: ki
2020-04-02 21:37:24,371 INFO o.a.j.g.a.LookAndFeelCommand: Installing Darcula LAF
2020-04-02 21:37:24,398 INFO o.a.j.g.a.LookAndFeelCommand: Using look and feel: com.sun.java.swing.plaf.gtk.GTKLookAndFeel [Darcula]
2020-04-02 21:37:24,398 INFO o.a.j.JMeter: Setting LAF to: com.sun.java.swing.plaf.gtk.GTKLookAndFeel
2020-04-02 21:37:24,594 INFO o.a.j.JMeter: Loaded icon properties from org/apache/jmeter/images/icon.properties
2020-04-02 21:37:26,004 INFO o.a.j.p.h.s.HTTPSamplerBase: Parser for text/html is org.apache.jmeter.protocol.http.parser.LagartoBasedHtmlParser
2020-04-02 21:37:26,005 INFO o.a.j.p.h.s.HTTPSamplerBase: Parser for application/xhtml+xml is org.apache.jmeter.protocol.http.parser.LagartoBasedHtmlParser
2020-04-02 21:37:26,005 INFO o.a.j.p.h.s.HTTPSamplerBase: Parser for application/xml is org.apache.jmeter.protocol.http.parser.LagartoBasedHtmlParser
2020-04-02 21:37:26,005 INFO o.a.j.p.h.s.HTTPSamplerBase: Parser for text/xml is org.apache.jmeter.protocol.http.parser.LagartoBasedHtmlParser
2020-04-02 21:37:26,005 INFO o.a.j.p.h.s.HTTPSamplerBase: Parser for text/vnd.wap.wml is org.apache.jmeter.protocol.http.parser.RegexpHTMLParser
2020-04-02 21:37:26,005 INFO o.a.j.p.h.s.HTTPSamplerBase: Parser for text/css is org.apache.jmeter.protocol.http.parser.CssParser
2020-04-02 21:37:26,286 INFO o.a.j.e.KeyToolUtils: keytool found at 'keytool'
2020-04-02 21:37:26,287 INFO o.a.j.p.h.p.ProxyControl: HTTP(S) Test Script Recorder SSL Proxy will use keys that support embedded 3rd party resources in file /usr/bin/jmeter/apache-jmeter-5.2.1/bin/proxyserver.jks
2020-04-02 21:37:26,416 INFO o.a.j.s.FileServer: Default base='/home/xav/gitlab.com/pipeline-devops-1/vagrant'
2020-04-02 21:37:26,720 INFO o.a.j.s.SampleResult: Note: Sample TimeStamps are START times
2020-04-02 21:37:26,720 INFO o.a.j.s.SampleResult: sampleresult.default.encoding is set to ISO-8859-1
2020-04-02 21:37:26,720 INFO o.a.j.s.SampleResult: sampleresult.useNanoTime=true
2020-04-02 21:37:26,720 INFO o.a.j.s.SampleResult: sampleresult.nanoThreadSleep=5000
2020-04-02 21:37:26,736 INFO o.a.j.v.ViewResultsFullVisualizer: Add JavaFX to your Java installation if you want to use renderer: org.apache.jmeter.visualizers.RenderInBrowser
2020-04-02 21:37:47,288 INFO o.a.j.g.a.Load: Loading file: /home/xav/video49/deploy-ansible/test/final_plan.jmx
2020-04-02 21:37:47,288 INFO o.a.j.s.FileServer: Set new base='/home/xav/video49/deploy-ansible/test'
2020-04-02 21:37:47,406 INFO o.a.j.s.SaveService: Testplan (JMX) version: 2.2. Testlog (JTL) version: 2.2
2020-04-02 21:37:47,415 INFO o.a.j.s.SaveService: Using SaveService properties version 5.0
2020-04-02 21:37:47,417 INFO o.a.j.s.SaveService: Using SaveService properties file encoding UTF-8
2020-04-02 21:37:47,420 INFO o.a.j.s.SaveService: Loading file: /home/xav/video49/deploy-ansible/test/final_plan.jmx
2020-04-02 21:37:47,591 INFO o.a.j.v.ViewResultsFullVisualizer: Add JavaFX to your Java installation if you want to use renderer: org.apache.jmeter.visualizers.RenderInBrowser
2020-04-02 21:37:47,634 INFO o.a.j.s.FileServer: Set new base='/home/xav/video49/deploy-ansible/test'
2020-04-02 21:38:33,218 INFO o.a.j.e.StandardJMeterEngine: Running the test!
2020-04-02 21:38:33,219 INFO o.a.j.s.SampleEvent: List of sample_variables: []
2020-04-02 21:38:33,219 INFO o.a.j.s.SampleEvent: List of sample_variables: []
2020-04-02 21:38:33,221 INFO o.a.j.e.u.CompoundVariable: Note: Function class names must contain the string: '.functions.'
2020-04-02 21:38:33,221 INFO o.a.j.e.u.CompoundVariable: Note: Function class names must not contain the string: '.gui.'
2020-04-02 21:38:33,404 INFO o.a.j.g.u.JMeterMenuBar: setRunning(true, *local*)
2020-04-02 21:38:33,452 INFO o.a.j.e.StandardJMeterEngine: Starting ThreadGroup: 1 : Thread Group
2020-04-02 21:38:33,452 INFO o.a.j.e.StandardJMeterEngine: Starting 1 threads for group Thread Group.
2020-04-02 21:38:33,452 INFO o.a.j.e.StandardJMeterEngine: Thread will continue on error
2020-04-02 21:38:33,453 INFO o.a.j.t.ThreadGroup: Starting thread group... number=1 threads=1 ramp-up=1 delayedStart=false
2020-04-02 21:38:33,456 INFO o.a.j.t.ThreadGroup: Started thread group number 1
2020-04-02 21:38:33,456 INFO o.a.j.e.StandardJMeterEngine: All thread groups have been started
2020-04-02 21:38:33,458 INFO o.a.j.t.JMeterThread: Thread started: Thread Group 1-1
2020-04-02 21:38:33,700 INFO o.a.j.p.h.s.HTTPHCAbstractImpl: Local host = ki
2020-04-02 21:38:33,705 INFO o.a.j.p.h.s.HTTPHC4Impl: HTTP request retry count = 0
2020-04-02 21:38:35,071 INFO o.a.j.t.JMeterThread: Thread is done: Thread Group 1-1
2020-04-02 21:38:35,071 INFO o.a.j.t.JMeterThread: Thread finished: Thread Group 1-1
2020-04-02 21:38:35,071 INFO o.a.j.e.StandardJMeterEngine: Notifying test listeners of end of test
2020-04-02 21:38:35,072 INFO o.a.j.g.u.JMeterMenuBar: setRunning(false, *local*)
